<?xml version="1.0" encoding="UTF-8"?>
<testsuite name="com.evo.suites.wiki.WikiFullSuite" time="0.015" tests="13" errors="6" skipped="3" failures="0">
  <properties>
[...]
</properties>
  <testcase name="moreTest" classname="com.evo.tests.wiki.junit.DefinitionTest" time="0.002"/>
  <testcase name="Given the user is on the Wikionary home page" classname="Scenario: Looking up the definition of &apos;apple&apos;" time="0"/>
  <testcase name="When the user looks up the definition of the word &apos;apple&apos;" classname="Scenario: Looking up the definition of &apos;apple&apos;" time="0.005">
    <error message="Timed out after 2 seconds. Element not found&#10;For documentation on this error, please visit: http://seleniumhq.org/exceptions/no_such_element.html&#10;Build info: version: &apos;2.48.2&apos;, revision: &apos;41bccdd10cf2c0560f637404c2d96164b67d9d67&apos;, time: &apos;2015-10-09 13:08:06&apos;&#10;System info: host: &apos;Darker&apos;, ip: &apos;192.168.0.162&apos;, os.name: &apos;Windows 8.1&apos;, os.arch: &apos;amd64&apos;, os.version: &apos;6.3&apos;, java.version: &apos;1.7.0_79&apos;&#10;Driver info: driver.version: unknown" type="net.serenitybdd.core.exceptions.SerenityWebDriverException"><![CDATA[net.serenitybdd.core.exceptions.SerenityWebDriverException: Timed out after 2 seconds. Element not found
For documentation on this error, please visit: http://seleniumhq.org/exceptions/no_such_element.html
Build info: version: '2.48.2', revision: '41bccdd10cf2c0560f637404c2d96164b67d9d67', time: '2015-10-09 13:08:06'
System info: host: 'Darker', ip: '192.168.0.162', os.name: 'Windows 8.1', os.arch: 'amd64', os.version: '6.3', java.version: '1.7.0_79'
Driver info: driver.version: unknown
	at net.thucydides.core.annotations.locators.SmartAjaxElementLocator.ajaxFindElement(SmartAjaxElementLocator.java:145)
	at net.thucydides.core.annotations.locators.SmartAjaxElementLocator.findElement(SmartAjaxElementLocator.java:93)
	at net.serenitybdd.core.pages.WebElementFacadeImpl.getElement(WebElementFacadeImpl.java:134)
	at net.serenitybdd.core.pages.WebElementFacadeImpl.withTimeoutOf(WebElementFacadeImpl.java:281)
	at net.serenitybdd.core.pages.WebElementFacadeImpl.waitUntilElementAvailable(WebElementFacadeImpl.java:664)
	at net.serenitybdd.core.pages.WebElementFacadeImpl.type(WebElementFacadeImpl.java:559)
	at sun.reflect.NativeMethodAccessorImpl.invoke0(Native Method)
	at sun.reflect.NativeMethodAccessorImpl.invoke(NativeMethodAccessorImpl.java:57)
	at sun.reflect.DelegatingMethodAccessorImpl.invoke(DelegatingMethodAccessorImpl.java:43)
	at java.lang.reflect.Method.invoke(Method.java:606)
	at net.thucydides.core.annotations.locators.AbstractSingleItemHandler.invoke(AbstractSingleItemHandler.java:45)
	at com.sun.proxy.$Proxy24.type(Unknown Source)
	at com.evo.sites.wiki.pages.home.DictionaryPage.enter_keywords(DictionaryPage.java:27)
	at com.evo.sites.wiki.steps.EndUserSteps.enters(EndUserSteps.java:18)
	at com.evo.sites.wiki.steps.EndUserSteps$$EnhancerByCGLIB$$d2589c47.CGLIB$enters$3(<generated>)
	at com.evo.sites.wiki.steps.EndUserSteps$$EnhancerByCGLIB$$d2589c47$$FastClassByCGLIB$$25725cbd.invoke(<generated>)
	at net.sf.cglib.proxy.MethodProxy.invokeSuper(MethodProxy.java:228)
	at net.thucydides.core.steps.StepInterceptor.invokeMethod(StepInterceptor.java:339)
	at net.thucydides.core.steps.StepInterceptor.executeTestStepMethod(StepInterceptor.java:324)
	at net.thucydides.core.steps.StepInterceptor.runTestStep(StepInterceptor.java:299)
	at net.thucydides.core.steps.StepInterceptor.testStepResult(StepInterceptor.java:129)
	at net.thucydides.core.steps.StepInterceptor.intercept(StepInterceptor.java:56)
	at com.evo.sites.wiki.steps.EndUserSteps$$EnhancerByCGLIB$$d2589c47.enters(<generated>)
	at com.evo.sites.wiki.steps.EndUserSteps.looks_for(EndUserSteps.java:38)
	at com.evo.sites.wiki.steps.EndUserSteps$$EnhancerByCGLIB$$d2589c47.CGLIB$looks_for$2(<generated>)
	at com.evo.sites.wiki.steps.EndUserSteps$$EnhancerByCGLIB$$d2589c47$$FastClassByCGLIB$$25725cbd.invoke(<generated>)
	at net.sf.cglib.proxy.MethodProxy.invokeSuper(MethodProxy.java:228)
	at net.thucydides.core.steps.StepInterceptor.invokeMethod(StepInterceptor.java:339)
	at net.thucydides.core.steps.StepInterceptor.executeTestStepMethod(StepInterceptor.java:324)
	at net.thucydides.core.steps.StepInterceptor.runTestStep(StepInterceptor.java:299)
	at net.thucydides.core.steps.StepInterceptor.testStepResult(StepInterceptor.java:129)
	at net.thucydides.core.steps.StepInterceptor.intercept(StepInterceptor.java:56)
	at com.evo.sites.wiki.steps.EndUserSteps$$EnhancerByCGLIB$$d2589c47.looks_for(<generated>)
	at com.evo.sites.wiki.glue.WikiDefinitions.whenTheUserLooksUpTheDefinitionOf(WikiDefinitions.java:23)
	at sun.reflect.NativeMethodAccessorImpl.invoke0(Native Method)
	at sun.reflect.NativeMethodAccessorImpl.invoke(NativeMethodAccessorImpl.java:57)
	at sun.reflect.DelegatingMethodAccessorImpl.invoke(DelegatingMethodAccessorImpl.java:43)
	at java.lang.reflect.Method.invoke(Method.java:606)
	at cucumber.runtime.Utils$1.call(Utils.java:37)
	at cucumber.runtime.Timeout.timeout(Timeout.java:13)
	at cucumber.runtime.Utils.invoke(Utils.java:31)
	at cucumber.runtime.java.JavaStepDefinition.execute(JavaStepDefinition.java:38)
	at cucumber.runtime.StepDefinitionMatch.runStep(StepDefinitionMatch.java:37)
	at cucumber.runtime.Runtime.runStep(Runtime.java:299)
	at cucumber.runtime.model.StepContainer.runStep(StepContainer.java:44)
	at cucumber.runtime.model.StepContainer.runSteps(StepContainer.java:39)
	at cucumber.runtime.model.CucumberScenario.run(CucumberScenario.java:44)
	at cucumber.runtime.junit.ExecutionUnitRunner.run(ExecutionUnitRunner.java:91)
	at cucumber.runtime.junit.FeatureRunner.runChild(FeatureRunner.java:63)
	at cucumber.runtime.junit.FeatureRunner.runChild(FeatureRunner.java:18)
	at org.junit.runners.ParentRunner$3.run(ParentRunner.java:290)
	at org.junit.runners.ParentRunner$1.schedule(ParentRunner.java:71)
	at org.junit.runners.ParentRunner.runChildren(ParentRunner.java:288)
	at org.junit.runners.ParentRunner.access$000(ParentRunner.java:58)
	at org.junit.runners.ParentRunner$2.evaluate(ParentRunner.java:268)
	at org.junit.runners.ParentRunner.run(ParentRunner.java:363)
	at cucumber.runtime.junit.FeatureRunner.run(FeatureRunner.java:70)
	at cucumber.api.junit.Cucumber.runChild(Cucumber.java:93)
	at cucumber.api.junit.Cucumber.runChild(Cucumber.java:37)
	at org.junit.runners.ParentRunner$3.run(ParentRunner.java:290)
	at org.junit.runners.ParentRunner$1.schedule(ParentRunner.java:71)
	at org.junit.runners.ParentRunner.runChildren(ParentRunner.java:288)
	at org.junit.runners.ParentRunner.access$000(ParentRunner.java:58)
	at org.junit.runners.ParentRunner$2.evaluate(ParentRunner.java:268)
	at org.junit.runners.ParentRunner.run(ParentRunner.java:363)
	at cucumber.api.junit.Cucumber.run(Cucumber.java:98)
	at org.junit.runners.Suite.runChild(Suite.java:128)
	at org.junit.runners.Suite.runChild(Suite.java:27)
	at org.junit.runners.ParentRunner$3.run(ParentRunner.java:290)
	at org.junit.runners.ParentRunner$1.schedule(ParentRunner.java:71)
	at org.junit.runners.ParentRunner.runChildren(ParentRunner.java:288)
	at org.junit.runners.ParentRunner.access$000(ParentRunner.java:58)
	at org.junit.runners.ParentRunner$2.evaluate(ParentRunner.java:268)
	at org.junit.runners.ParentRunner.run(ParentRunner.java:363)
	at org.apache.maven.surefire.junit4.JUnit4Provider.execute(JUnit4Provider.java:283)
	at org.apache.maven.surefire.junit4.JUnit4Provider.executeWithRerun(JUnit4Provider.java:173)
	at org.apache.maven.surefire.junit4.JUnit4Provider.executeTestSet(JUnit4Provider.java:153)
	at org.apache.maven.surefire.junit4.JUnit4Provider.invoke(JUnit4Provider.java:128)
	at org.apache.maven.surefire.booter.ForkedBooter.invokeProviderInSameClassLoader(ForkedBooter.java:203)
	at org.apache.maven.surefire.booter.ForkedBooter.runSuitesInProcess(ForkedBooter.java:155)
	at org.apache.maven.surefire.booter.ForkedBooter.main(ForkedBooter.java:103)
]]></error>
    <system-err><![CDATA[[main] INFO net.thucydides.core.steps.StepInterceptor - STARTING STEP: WikiDefinitions.whenTheUserLooksUpTheDefinitionOf - looks_for
[main] INFO net.thucydides.core.steps.StepInterceptor - STARTING STEP: EndUserSteps.looks_for - enters
[main] WARN net.thucydides.core.model.FailureAnalysis - Could not find error class: 
[main] WARN net.thucydides.core.model.FailureAnalysis - Could not find error class: 
[main] WARN net.thucydides.core.model.FailureAnalysis - Could not find error class: 
[main] WARN net.thucydides.core.model.FailureAnalysis - Could not find error class: 
[main] WARN net.thucydides.core.model.FailureAnalysis - Could not find error class: 
[main] WARN net.thucydides.core.model.FailureAnalysis - Could not find error class: 
[main] WARN net.thucydides.core.model.FailureAnalysis - Could not find error class: 
[main] INFO net.serenitybdd.core.Serenity - STEP FAILED: net.serenitybdd.core.exceptions.SerenityWebDriverException: Timed out after 2 seconds. Element not found
For documentation on this error, please visit: http://seleniumhq.org/exceptions/no_such_element.html
Build info: version: '2.48.2', revision: '41bccdd10cf2c0560f637404c2d96164b67d9d67', time: '2015-10-09 13:08:06'
System info: host: 'Darker', ip: '192.168.0.162', os.name: 'Windows 8.1', os.arch: 'amd64', os.version: '6.3', java.version: '1.7.0_79'
Driver info: driver.version: unknown
[main] WARN net.thucydides.core.model.FailureAnalysis - Could not find error class: 
[main] WARN net.thucydides.core.model.FailureAnalysis - Could not find error class: 
[main] WARN net.thucydides.core.model.FailureAnalysis - Could not find error class: 
[main] WARN net.thucydides.core.model.FailureAnalysis - Could not find error class: 
[main] WARN net.thucydides.core.model.FailureAnalysis - Could not find error class: 
[main] WARN net.thucydides.core.model.FailureAnalysis - Could not find error class: 
[main] WARN net.thucydides.core.model.FailureAnalysis - Could not find error class: 
[main] INFO net.serenitybdd.core.Serenity - STEP FAILED: net.serenitybdd.core.exceptions.SerenityWebDriverException: Timed out after 2 seconds. Element not found
For documentation on this error, please visit: http://seleniumhq.org/exceptions/no_such_element.html
Build info: version: '2.48.2', revision: '41bccdd10cf2c0560f637404c2d96164b67d9d67', time: '2015-10-09 13:08:06'
System info: host: 'Darker', ip: '192.168.0.162', os.name: 'Windows 8.1', os.arch: 'amd64', os.version: '6.3', java.version: '1.7.0_79'
Driver info: driver.version: unknown
]]></system-err>
  </testcase>
  <testcase name="Scenario: Looking up the definition of &apos;apple&apos;" classname="Scenario: Looking up the definition of &apos;apple&apos;" time="0.006">
    <error message="Timed out after 2 seconds. Element not found&#10;For documentation on this error, please visit: http://seleniumhq.org/exceptions/no_such_element.html&#10;Build info: version: &apos;2.48.2&apos;, revision: &apos;41bccdd10cf2c0560f637404c2d96164b67d9d67&apos;, time: &apos;2015-10-09 13:08:06&apos;&#10;System info: host: &apos;Darker&apos;, ip: &apos;192.168.0.162&apos;, os.name: &apos;Windows 8.1&apos;, os.arch: &apos;amd64&apos;, os.version: &apos;6.3&apos;, java.version: &apos;1.7.0_79&apos;&#10;Driver info: driver.version: unknown" type="net.serenitybdd.core.exceptions.SerenityWebDriverException"><![CDATA[net.serenitybdd.core.exceptions.SerenityWebDriverException: Timed out after 2 seconds. Element not found
For documentation on this error, please visit: http://seleniumhq.org/exceptions/no_such_element.html
Build info: version: '2.48.2', revision: '41bccdd10cf2c0560f637404c2d96164b67d9d67', time: '2015-10-09 13:08:06'
System info: host: 'Darker', ip: '192.168.0.162', os.name: 'Windows 8.1', os.arch: 'amd64', os.version: '6.3', java.version: '1.7.0_79'
Driver info: driver.version: unknown
	at net.thucydides.core.annotations.locators.SmartAjaxElementLocator.ajaxFindElement(SmartAjaxElementLocator.java:145)
	at net.thucydides.core.annotations.locators.SmartAjaxElementLocator.findElement(SmartAjaxElementLocator.java:93)
	at net.serenitybdd.core.pages.WebElementFacadeImpl.getElement(WebElementFacadeImpl.java:134)
	at net.serenitybdd.core.pages.WebElementFacadeImpl.withTimeoutOf(WebElementFacadeImpl.java:281)
	at net.serenitybdd.core.pages.WebElementFacadeImpl.waitUntilElementAvailable(WebElementFacadeImpl.java:664)
	at net.serenitybdd.core.pages.WebElementFacadeImpl.type(WebElementFacadeImpl.java:559)
	at sun.reflect.NativeMethodAccessorImpl.invoke0(Native Method)
	at sun.reflect.NativeMethodAccessorImpl.invoke(NativeMethodAccessorImpl.java:57)
	at sun.reflect.DelegatingMethodAccessorImpl.invoke(DelegatingMethodAccessorImpl.java:43)
	at java.lang.reflect.Method.invoke(Method.java:606)
	at net.thucydides.core.annotations.locators.AbstractSingleItemHandler.invoke(AbstractSingleItemHandler.java:45)
	at com.sun.proxy.$Proxy24.type(Unknown Source)
	at com.evo.sites.wiki.pages.home.DictionaryPage.enter_keywords(DictionaryPage.java:27)
	at com.evo.sites.wiki.steps.EndUserSteps.enters(EndUserSteps.java:18)
	at com.evo.sites.wiki.steps.EndUserSteps$$EnhancerByCGLIB$$d2589c47.CGLIB$enters$3(<generated>)
	at com.evo.sites.wiki.steps.EndUserSteps$$EnhancerByCGLIB$$d2589c47$$FastClassByCGLIB$$25725cbd.invoke(<generated>)
	at net.sf.cglib.proxy.MethodProxy.invokeSuper(MethodProxy.java:228)
	at net.thucydides.core.steps.StepInterceptor.invokeMethod(StepInterceptor.java:339)
	at net.thucydides.core.steps.StepInterceptor.executeTestStepMethod(StepInterceptor.java:324)
	at net.thucydides.core.steps.StepInterceptor.runTestStep(StepInterceptor.java:299)
	at net.thucydides.core.steps.StepInterceptor.testStepResult(StepInterceptor.java:129)
	at net.thucydides.core.steps.StepInterceptor.intercept(StepInterceptor.java:56)
	at com.evo.sites.wiki.steps.EndUserSteps$$EnhancerByCGLIB$$d2589c47.enters(<generated>)
	at com.evo.sites.wiki.steps.EndUserSteps.looks_for(EndUserSteps.java:38)
	at com.evo.sites.wiki.steps.EndUserSteps$$EnhancerByCGLIB$$d2589c47.CGLIB$looks_for$2(<generated>)
	at com.evo.sites.wiki.steps.EndUserSteps$$EnhancerByCGLIB$$d2589c47$$FastClassByCGLIB$$25725cbd.invoke(<generated>)
	at net.sf.cglib.proxy.MethodProxy.invokeSuper(MethodProxy.java:228)
	at net.thucydides.core.steps.StepInterceptor.invokeMethod(StepInterceptor.java:339)
	at net.thucydides.core.steps.StepInterceptor.executeTestStepMethod(StepInterceptor.java:324)
	at net.thucydides.core.steps.StepInterceptor.runTestStep(StepInterceptor.java:299)
	at net.thucydides.core.steps.StepInterceptor.testStepResult(StepInterceptor.java:129)
	at net.thucydides.core.steps.StepInterceptor.intercept(StepInterceptor.java:56)
	at com.evo.sites.wiki.steps.EndUserSteps$$EnhancerByCGLIB$$d2589c47.looks_for(<generated>)
	at com.evo.sites.wiki.glue.WikiDefinitions.whenTheUserLooksUpTheDefinitionOf(WikiDefinitions.java:23)
	at sun.reflect.NativeMethodAccessorImpl.invoke0(Native Method)
	at sun.reflect.NativeMethodAccessorImpl.invoke(NativeMethodAccessorImpl.java:57)
	at sun.reflect.DelegatingMethodAccessorImpl.invoke(DelegatingMethodAccessorImpl.java:43)
	at java.lang.reflect.Method.invoke(Method.java:606)
	at cucumber.runtime.Utils$1.call(Utils.java:37)
	at cucumber.runtime.Timeout.timeout(Timeout.java:13)
	at cucumber.runtime.Utils.invoke(Utils.java:31)
	at cucumber.runtime.java.JavaStepDefinition.execute(JavaStepDefinition.java:38)
	at cucumber.runtime.StepDefinitionMatch.runStep(StepDefinitionMatch.java:37)
	at cucumber.runtime.Runtime.runStep(Runtime.java:299)
	at cucumber.runtime.model.StepContainer.runStep(StepContainer.java:44)
	at cucumber.runtime.model.StepContainer.runSteps(StepContainer.java:39)
	at cucumber.runtime.model.CucumberScenario.run(CucumberScenario.java:44)
	at cucumber.runtime.junit.ExecutionUnitRunner.run(ExecutionUnitRunner.java:91)
	at cucumber.runtime.junit.FeatureRunner.runChild(FeatureRunner.java:63)
	at cucumber.runtime.junit.FeatureRunner.runChild(FeatureRunner.java:18)
	at org.junit.runners.ParentRunner$3.run(ParentRunner.java:290)
	at org.junit.runners.ParentRunner$1.schedule(ParentRunner.java:71)
	at org.junit.runners.ParentRunner.runChildren(ParentRunner.java:288)
	at org.junit.runners.ParentRunner.access$000(ParentRunner.java:58)
	at org.junit.runners.ParentRunner$2.evaluate(ParentRunner.java:268)
	at org.junit.runners.ParentRunner.run(ParentRunner.java:363)
	at cucumber.runtime.junit.FeatureRunner.run(FeatureRunner.java:70)
	at cucumber.api.junit.Cucumber.runChild(Cucumber.java:93)
	at cucumber.api.junit.Cucumber.runChild(Cucumber.java:37)
	at org.junit.runners.ParentRunner$3.run(ParentRunner.java:290)
	at org.junit.runners.ParentRunner$1.schedule(ParentRunner.java:71)
	at org.junit.runners.ParentRunner.runChildren(ParentRunner.java:288)
	at org.junit.runners.ParentRunner.access$000(ParentRunner.java:58)
	at org.junit.runners.ParentRunner$2.evaluate(ParentRunner.java:268)
	at org.junit.runners.ParentRunner.run(ParentRunner.java:363)
	at cucumber.api.junit.Cucumber.run(Cucumber.java:98)
	at org.junit.runners.Suite.runChild(Suite.java:128)
	at org.junit.runners.Suite.runChild(Suite.java:27)
	at org.junit.runners.ParentRunner$3.run(ParentRunner.java:290)
	at org.junit.runners.ParentRunner$1.schedule(ParentRunner.java:71)
	at org.junit.runners.ParentRunner.runChildren(ParentRunner.java:288)
	at org.junit.runners.ParentRunner.access$000(ParentRunner.java:58)
	at org.junit.runners.ParentRunner$2.evaluate(ParentRunner.java:268)
	at org.junit.runners.ParentRunner.run(ParentRunner.java:363)
	at org.apache.maven.surefire.junit4.JUnit4Provider.execute(JUnit4Provider.java:283)
	at org.apache.maven.surefire.junit4.JUnit4Provider.executeWithRerun(JUnit4Provider.java:173)
	at org.apache.maven.surefire.junit4.JUnit4Provider.executeTestSet(JUnit4Provider.java:153)
	at org.apache.maven.surefire.junit4.JUnit4Provider.invoke(JUnit4Provider.java:128)
	at org.apache.maven.surefire.booter.ForkedBooter.invokeProviderInSameClassLoader(ForkedBooter.java:203)
	at org.apache.maven.surefire.booter.ForkedBooter.runSuitesInProcess(ForkedBooter.java:155)
	at org.apache.maven.surefire.booter.ForkedBooter.main(ForkedBooter.java:103)
]]></error>
  </testcase>
  <testcase name="Then they should see the definition &apos;A common, round fruit produced by the tree Malus domestica, cultivated in temperate climates.&apos;" classname="Scenario: Looking up the definition of &apos;apple&apos;" time="0">
    <skipped/>
    <system-err><![CDATA[[main] WARN net.thucydides.core.model.FailureAnalysis - Could not find error class: 
[main] WARN net.thucydides.core.model.FailureAnalysis - Could not find error class: 
[main] WARN net.thucydides.core.model.FailureAnalysis - Could not find error class: 
[main] WARN net.thucydides.core.model.FailureAnalysis - Could not find error class: 
[main] WARN net.thucydides.core.model.FailureAnalysis - Could not find error class: 
[main] WARN net.thucydides.core.model.FailureAnalysis - Could not find error class: 
[main] WARN net.thucydides.core.model.FailureAnalysis - Could not find error class: 
[main] INFO net.serenitybdd.core.Serenity - STEP FAILED: net.serenitybdd.core.exceptions.SerenityWebDriverException: Timed out after 2 seconds. Element not found
For documentation on this error, please visit: http://seleniumhq.org/exceptions/no_such_element.html
Build info: version: '2.48.2', revision: '41bccdd10cf2c0560f637404c2d96164b67d9d67', time: '2015-10-09 13:08:06'
System info: host: 'Darker', ip: '192.168.0.162', os.name: 'Windows 8.1', os.arch: 'amd64', os.version: '6.3', java.version: '1.7.0_79'
Driver info: driver.version: unknown
]]></system-err>
  </testcase>
  <testcase name="Given the user is on the Wikionary home page" classname="Scenario: Looking up the definition of &apos;pear&apos;" time="0.001"/>
  <testcase name="When the user looks up the definition of the word &apos;pear&apos;" classname="Scenario: Looking up the definition of &apos;pear&apos;" time="0">
    <error message="Timed out after 2 seconds. Element not found&#10;For documentation on this error, please visit: http://seleniumhq.org/exceptions/no_such_element.html&#10;Build info: version: &apos;2.48.2&apos;, revision: &apos;41bccdd10cf2c0560f637404c2d96164b67d9d67&apos;, time: &apos;2015-10-09 13:08:06&apos;&#10;System info: host: &apos;Darker&apos;, ip: &apos;192.168.0.162&apos;, os.name: &apos;Windows 8.1&apos;, os.arch: &apos;amd64&apos;, os.version: &apos;6.3&apos;, java.version: &apos;1.7.0_79&apos;&#10;Driver info: driver.version: unknown" type="net.serenitybdd.core.exceptions.SerenityWebDriverException"><![CDATA[net.serenitybdd.core.exceptions.SerenityWebDriverException: Timed out after 2 seconds. Element not found
For documentation on this error, please visit: http://seleniumhq.org/exceptions/no_such_element.html
Build info: version: '2.48.2', revision: '41bccdd10cf2c0560f637404c2d96164b67d9d67', time: '2015-10-09 13:08:06'
System info: host: 'Darker', ip: '192.168.0.162', os.name: 'Windows 8.1', os.arch: 'amd64', os.version: '6.3', java.version: '1.7.0_79'
Driver info: driver.version: unknown
	at net.thucydides.core.annotations.locators.SmartAjaxElementLocator.ajaxFindElement(SmartAjaxElementLocator.java:145)
	at net.thucydides.core.annotations.locators.SmartAjaxElementLocator.findElement(SmartAjaxElementLocator.java:93)
	at net.serenitybdd.core.pages.WebElementFacadeImpl.getElement(WebElementFacadeImpl.java:134)
	at net.serenitybdd.core.pages.WebElementFacadeImpl.withTimeoutOf(WebElementFacadeImpl.java:281)
	at net.serenitybdd.core.pages.WebElementFacadeImpl.waitUntilElementAvailable(WebElementFacadeImpl.java:664)
	at net.serenitybdd.core.pages.WebElementFacadeImpl.type(WebElementFacadeImpl.java:559)
	at sun.reflect.NativeMethodAccessorImpl.invoke0(Native Method)
	at sun.reflect.NativeMethodAccessorImpl.invoke(NativeMethodAccessorImpl.java:57)
	at sun.reflect.DelegatingMethodAccessorImpl.invoke(DelegatingMethodAccessorImpl.java:43)
	at java.lang.reflect.Method.invoke(Method.java:606)
	at net.thucydides.core.annotations.locators.AbstractSingleItemHandler.invoke(AbstractSingleItemHandler.java:45)
	at com.sun.proxy.$Proxy24.type(Unknown Source)
	at com.evo.sites.wiki.pages.home.DictionaryPage.enter_keywords(DictionaryPage.java:27)
	at com.evo.sites.wiki.steps.EndUserSteps.enters(EndUserSteps.java:18)
	at com.evo.sites.wiki.steps.EndUserSteps$$EnhancerByCGLIB$$d2589c47.CGLIB$enters$3(<generated>)
	at com.evo.sites.wiki.steps.EndUserSteps$$EnhancerByCGLIB$$d2589c47$$FastClassByCGLIB$$25725cbd.invoke(<generated>)
	at net.sf.cglib.proxy.MethodProxy.invokeSuper(MethodProxy.java:228)
	at net.thucydides.core.steps.StepInterceptor.invokeMethod(StepInterceptor.java:339)
	at net.thucydides.core.steps.StepInterceptor.executeTestStepMethod(StepInterceptor.java:324)
	at net.thucydides.core.steps.StepInterceptor.runTestStep(StepInterceptor.java:299)
	at net.thucydides.core.steps.StepInterceptor.testStepResult(StepInterceptor.java:129)
	at net.thucydides.core.steps.StepInterceptor.intercept(StepInterceptor.java:56)
	at com.evo.sites.wiki.steps.EndUserSteps$$EnhancerByCGLIB$$d2589c47.enters(<generated>)
	at com.evo.sites.wiki.steps.EndUserSteps.looks_for(EndUserSteps.java:38)
	at com.evo.sites.wiki.steps.EndUserSteps$$EnhancerByCGLIB$$d2589c47.CGLIB$looks_for$2(<generated>)
	at com.evo.sites.wiki.steps.EndUserSteps$$EnhancerByCGLIB$$d2589c47$$FastClassByCGLIB$$25725cbd.invoke(<generated>)
	at net.sf.cglib.proxy.MethodProxy.invokeSuper(MethodProxy.java:228)
	at net.thucydides.core.steps.StepInterceptor.invokeMethod(StepInterceptor.java:339)
	at net.thucydides.core.steps.StepInterceptor.executeTestStepMethod(StepInterceptor.java:324)
	at net.thucydides.core.steps.StepInterceptor.runTestStep(StepInterceptor.java:299)
	at net.thucydides.core.steps.StepInterceptor.testStepResult(StepInterceptor.java:129)
	at net.thucydides.core.steps.StepInterceptor.intercept(StepInterceptor.java:56)
	at com.evo.sites.wiki.steps.EndUserSteps$$EnhancerByCGLIB$$d2589c47.looks_for(<generated>)
	at com.evo.sites.wiki.glue.WikiDefinitions.whenTheUserLooksUpTheDefinitionOf(WikiDefinitions.java:23)
	at sun.reflect.NativeMethodAccessorImpl.invoke0(Native Method)
	at sun.reflect.NativeMethodAccessorImpl.invoke(NativeMethodAccessorImpl.java:57)
	at sun.reflect.DelegatingMethodAccessorImpl.invoke(DelegatingMethodAccessorImpl.java:43)
	at java.lang.reflect.Method.invoke(Method.java:606)
	at cucumber.runtime.Utils$1.call(Utils.java:37)
	at cucumber.runtime.Timeout.timeout(Timeout.java:13)
	at cucumber.runtime.Utils.invoke(Utils.java:31)
	at cucumber.runtime.java.JavaStepDefinition.execute(JavaStepDefinition.java:38)
	at cucumber.runtime.StepDefinitionMatch.runStep(StepDefinitionMatch.java:37)
	at cucumber.runtime.Runtime.runStep(Runtime.java:299)
	at cucumber.runtime.model.StepContainer.runStep(StepContainer.java:44)
	at cucumber.runtime.model.StepContainer.runSteps(StepContainer.java:39)
	at cucumber.runtime.model.CucumberScenario.run(CucumberScenario.java:44)
	at cucumber.runtime.junit.ExecutionUnitRunner.run(ExecutionUnitRunner.java:91)
	at cucumber.runtime.junit.FeatureRunner.runChild(FeatureRunner.java:63)
	at cucumber.runtime.junit.FeatureRunner.runChild(FeatureRunner.java:18)
	at org.junit.runners.ParentRunner$3.run(ParentRunner.java:290)
	at org.junit.runners.ParentRunner$1.schedule(ParentRunner.java:71)
	at org.junit.runners.ParentRunner.runChildren(ParentRunner.java:288)
	at org.junit.runners.ParentRunner.access$000(ParentRunner.java:58)
	at org.junit.runners.ParentRunner$2.evaluate(ParentRunner.java:268)
	at org.junit.runners.ParentRunner.run(ParentRunner.java:363)
	at cucumber.runtime.junit.FeatureRunner.run(FeatureRunner.java:70)
	at cucumber.api.junit.Cucumber.runChild(Cucumber.java:93)
	at cucumber.api.junit.Cucumber.runChild(Cucumber.java:37)
	at org.junit.runners.ParentRunner$3.run(ParentRunner.java:290)
	at org.junit.runners.ParentRunner$1.schedule(ParentRunner.java:71)
	at org.junit.runners.ParentRunner.runChildren(ParentRunner.java:288)
	at org.junit.runners.ParentRunner.access$000(ParentRunner.java:58)
	at org.junit.runners.ParentRunner$2.evaluate(ParentRunner.java:268)
	at org.junit.runners.ParentRunner.run(ParentRunner.java:363)
	at cucumber.api.junit.Cucumber.run(Cucumber.java:98)
	at org.junit.runners.Suite.runChild(Suite.java:128)
	at org.junit.runners.Suite.runChild(Suite.java:27)
	at org.junit.runners.ParentRunner$3.run(ParentRunner.java:290)
	at org.junit.runners.ParentRunner$1.schedule(ParentRunner.java:71)
	at org.junit.runners.ParentRunner.runChildren(ParentRunner.java:288)
	at org.junit.runners.ParentRunner.access$000(ParentRunner.java:58)
	at org.junit.runners.ParentRunner$2.evaluate(ParentRunner.java:268)
	at org.junit.runners.ParentRunner.run(ParentRunner.java:363)
	at org.apache.maven.surefire.junit4.JUnit4Provider.execute(JUnit4Provider.java:283)
	at org.apache.maven.surefire.junit4.JUnit4Provider.executeWithRerun(JUnit4Provider.java:173)
	at org.apache.maven.surefire.junit4.JUnit4Provider.executeTestSet(JUnit4Provider.java:153)
	at org.apache.maven.surefire.junit4.JUnit4Provider.invoke(JUnit4Provider.java:128)
	at org.apache.maven.surefire.booter.ForkedBooter.invokeProviderInSameClassLoader(ForkedBooter.java:203)
	at org.apache.maven.surefire.booter.ForkedBooter.runSuitesInProcess(ForkedBooter.java:155)
	at org.apache.maven.surefire.booter.ForkedBooter.main(ForkedBooter.java:103)
]]></error>
    <system-err><![CDATA[[main] INFO net.thucydides.core.steps.StepInterceptor - STARTING STEP: WikiDefinitions.whenTheUserLooksUpTheDefinitionOf - looks_for
[main] INFO net.thucydides.core.steps.StepInterceptor - STARTING STEP: EndUserSteps.looks_for - enters
[main] WARN net.thucydides.core.model.FailureAnalysis - Could not find error class: 
[main] WARN net.thucydides.core.model.FailureAnalysis - Could not find error class: 
[main] WARN net.thucydides.core.model.FailureAnalysis - Could not find error class: 
[main] WARN net.thucydides.core.model.FailureAnalysis - Could not find error class: 
[main] WARN net.thucydides.core.model.FailureAnalysis - Could not find error class: 
[main] WARN net.thucydides.core.model.FailureAnalysis - Could not find error class: 
[main] WARN net.thucydides.core.model.FailureAnalysis - Could not find error class: 
[main] INFO net.serenitybdd.core.Serenity - STEP FAILED: net.serenitybdd.core.exceptions.SerenityWebDriverException: Timed out after 2 seconds. Element not found
For documentation on this error, please visit: http://seleniumhq.org/exceptions/no_such_element.html
Build info: version: '2.48.2', revision: '41bccdd10cf2c0560f637404c2d96164b67d9d67', time: '2015-10-09 13:08:06'
System info: host: 'Darker', ip: '192.168.0.162', os.name: 'Windows 8.1', os.arch: 'amd64', os.version: '6.3', java.version: '1.7.0_79'
Driver info: driver.version: unknown
[main] WARN net.thucydides.core.model.FailureAnalysis - Could not find error class: 
[main] WARN net.thucydides.core.model.FailureAnalysis - Could not find error class: 
[main] WARN net.thucydides.core.model.FailureAnalysis - Could not find error class: 
[main] WARN net.thucydides.core.model.FailureAnalysis - Could not find error class: 
[main] WARN net.thucydides.core.model.FailureAnalysis - Could not find error class: 
[main] WARN net.thucydides.core.model.FailureAnalysis - Could not find error class: 
[main] WARN net.thucydides.core.model.FailureAnalysis - Could not find error class: 
[main] INFO net.serenitybdd.core.Serenity - STEP FAILED: net.serenitybdd.core.exceptions.SerenityWebDriverException: Timed out after 2 seconds. Element not found
For documentation on this error, please visit: http://seleniumhq.org/exceptions/no_such_element.html
Build info: version: '2.48.2', revision: '41bccdd10cf2c0560f637404c2d96164b67d9d67', time: '2015-10-09 13:08:06'
System info: host: 'Darker', ip: '192.168.0.162', os.name: 'Windows 8.1', os.arch: 'amd64', os.version: '6.3', java.version: '1.7.0_79'
Driver info: driver.version: unknown
]]></system-err>
  </testcase>
  <testcase name="Scenario: Looking up the definition of &apos;pear&apos;" classname="Scenario: Looking up the definition of &apos;pear&apos;" time="0">
    <error message="Timed out after 2 seconds. Element not found&#10;For documentation on this error, please visit: http://seleniumhq.org/exceptions/no_such_element.html&#10;Build info: version: &apos;2.48.2&apos;, revision: &apos;41bccdd10cf2c0560f637404c2d96164b67d9d67&apos;, time: &apos;2015-10-09 13:08:06&apos;&#10;System info: host: &apos;Darker&apos;, ip: &apos;192.168.0.162&apos;, os.name: &apos;Windows 8.1&apos;, os.arch: &apos;amd64&apos;, os.version: &apos;6.3&apos;, java.version: &apos;1.7.0_79&apos;&#10;Driver info: driver.version: unknown" type="net.serenitybdd.core.exceptions.SerenityWebDriverException"><![CDATA[net.serenitybdd.core.exceptions.SerenityWebDriverException: Timed out after 2 seconds. Element not found
For documentation on this error, please visit: http://seleniumhq.org/exceptions/no_such_element.html
Build info: version: '2.48.2', revision: '41bccdd10cf2c0560f637404c2d96164b67d9d67', time: '2015-10-09 13:08:06'
System info: host: 'Darker', ip: '192.168.0.162', os.name: 'Windows 8.1', os.arch: 'amd64', os.version: '6.3', java.version: '1.7.0_79'
Driver info: driver.version: unknown
	at net.thucydides.core.annotations.locators.SmartAjaxElementLocator.ajaxFindElement(SmartAjaxElementLocator.java:145)
	at net.thucydides.core.annotations.locators.SmartAjaxElementLocator.findElement(SmartAjaxElementLocator.java:93)
	at net.serenitybdd.core.pages.WebElementFacadeImpl.getElement(WebElementFacadeImpl.java:134)
	at net.serenitybdd.core.pages.WebElementFacadeImpl.withTimeoutOf(WebElementFacadeImpl.java:281)
	at net.serenitybdd.core.pages.WebElementFacadeImpl.waitUntilElementAvailable(WebElementFacadeImpl.java:664)
	at net.serenitybdd.core.pages.WebElementFacadeImpl.type(WebElementFacadeImpl.java:559)
	at sun.reflect.NativeMethodAccessorImpl.invoke0(Native Method)
	at sun.reflect.NativeMethodAccessorImpl.invoke(NativeMethodAccessorImpl.java:57)
	at sun.reflect.DelegatingMethodAccessorImpl.invoke(DelegatingMethodAccessorImpl.java:43)
	at java.lang.reflect.Method.invoke(Method.java:606)
	at net.thucydides.core.annotations.locators.AbstractSingleItemHandler.invoke(AbstractSingleItemHandler.java:45)
	at com.sun.proxy.$Proxy24.type(Unknown Source)
	at com.evo.sites.wiki.pages.home.DictionaryPage.enter_keywords(DictionaryPage.java:27)
	at com.evo.sites.wiki.steps.EndUserSteps.enters(EndUserSteps.java:18)
	at com.evo.sites.wiki.steps.EndUserSteps$$EnhancerByCGLIB$$d2589c47.CGLIB$enters$3(<generated>)
	at com.evo.sites.wiki.steps.EndUserSteps$$EnhancerByCGLIB$$d2589c47$$FastClassByCGLIB$$25725cbd.invoke(<generated>)
	at net.sf.cglib.proxy.MethodProxy.invokeSuper(MethodProxy.java:228)
	at net.thucydides.core.steps.StepInterceptor.invokeMethod(StepInterceptor.java:339)
	at net.thucydides.core.steps.StepInterceptor.executeTestStepMethod(StepInterceptor.java:324)
	at net.thucydides.core.steps.StepInterceptor.runTestStep(StepInterceptor.java:299)
	at net.thucydides.core.steps.StepInterceptor.testStepResult(StepInterceptor.java:129)
	at net.thucydides.core.steps.StepInterceptor.intercept(StepInterceptor.java:56)
	at com.evo.sites.wiki.steps.EndUserSteps$$EnhancerByCGLIB$$d2589c47.enters(<generated>)
	at com.evo.sites.wiki.steps.EndUserSteps.looks_for(EndUserSteps.java:38)
	at com.evo.sites.wiki.steps.EndUserSteps$$EnhancerByCGLIB$$d2589c47.CGLIB$looks_for$2(<generated>)
	at com.evo.sites.wiki.steps.EndUserSteps$$EnhancerByCGLIB$$d2589c47$$FastClassByCGLIB$$25725cbd.invoke(<generated>)
	at net.sf.cglib.proxy.MethodProxy.invokeSuper(MethodProxy.java:228)
	at net.thucydides.core.steps.StepInterceptor.invokeMethod(StepInterceptor.java:339)
	at net.thucydides.core.steps.StepInterceptor.executeTestStepMethod(StepInterceptor.java:324)
	at net.thucydides.core.steps.StepInterceptor.runTestStep(StepInterceptor.java:299)
	at net.thucydides.core.steps.StepInterceptor.testStepResult(StepInterceptor.java:129)
	at net.thucydides.core.steps.StepInterceptor.intercept(StepInterceptor.java:56)
	at com.evo.sites.wiki.steps.EndUserSteps$$EnhancerByCGLIB$$d2589c47.looks_for(<generated>)
	at com.evo.sites.wiki.glue.WikiDefinitions.whenTheUserLooksUpTheDefinitionOf(WikiDefinitions.java:23)
	at sun.reflect.NativeMethodAccessorImpl.invoke0(Native Method)
	at sun.reflect.NativeMethodAccessorImpl.invoke(NativeMethodAccessorImpl.java:57)
	at sun.reflect.DelegatingMethodAccessorImpl.invoke(DelegatingMethodAccessorImpl.java:43)
	at java.lang.reflect.Method.invoke(Method.java:606)
	at cucumber.runtime.Utils$1.call(Utils.java:37)
	at cucumber.runtime.Timeout.timeout(Timeout.java:13)
	at cucumber.runtime.Utils.invoke(Utils.java:31)
	at cucumber.runtime.java.JavaStepDefinition.execute(JavaStepDefinition.java:38)
	at cucumber.runtime.StepDefinitionMatch.runStep(StepDefinitionMatch.java:37)
	at cucumber.runtime.Runtime.runStep(Runtime.java:299)
	at cucumber.runtime.model.StepContainer.runStep(StepContainer.java:44)
	at cucumber.runtime.model.StepContainer.runSteps(StepContainer.java:39)
	at cucumber.runtime.model.CucumberScenario.run(CucumberScenario.java:44)
	at cucumber.runtime.junit.ExecutionUnitRunner.run(ExecutionUnitRunner.java:91)
	at cucumber.runtime.junit.FeatureRunner.runChild(FeatureRunner.java:63)
	at cucumber.runtime.junit.FeatureRunner.runChild(FeatureRunner.java:18)
	at org.junit.runners.ParentRunner$3.run(ParentRunner.java:290)
	at org.junit.runners.ParentRunner$1.schedule(ParentRunner.java:71)
	at org.junit.runners.ParentRunner.runChildren(ParentRunner.java:288)
	at org.junit.runners.ParentRunner.access$000(ParentRunner.java:58)
	at org.junit.runners.ParentRunner$2.evaluate(ParentRunner.java:268)
	at org.junit.runners.ParentRunner.run(ParentRunner.java:363)
	at cucumber.runtime.junit.FeatureRunner.run(FeatureRunner.java:70)
	at cucumber.api.junit.Cucumber.runChild(Cucumber.java:93)
	at cucumber.api.junit.Cucumber.runChild(Cucumber.java:37)
	at org.junit.runners.ParentRunner$3.run(ParentRunner.java:290)
	at org.junit.runners.ParentRunner$1.schedule(ParentRunner.java:71)
	at org.junit.runners.ParentRunner.runChildren(ParentRunner.java:288)
	at org.junit.runners.ParentRunner.access$000(ParentRunner.java:58)
	at org.junit.runners.ParentRunner$2.evaluate(ParentRunner.java:268)
	at org.junit.runners.ParentRunner.run(ParentRunner.java:363)
	at cucumber.api.junit.Cucumber.run(Cucumber.java:98)
	at org.junit.runners.Suite.runChild(Suite.java:128)
	at org.junit.runners.Suite.runChild(Suite.java:27)
	at org.junit.runners.ParentRunner$3.run(ParentRunner.java:290)
	at org.junit.runners.ParentRunner$1.schedule(ParentRunner.java:71)
	at org.junit.runners.ParentRunner.runChildren(ParentRunner.java:288)
	at org.junit.runners.ParentRunner.access$000(ParentRunner.java:58)
	at org.junit.runners.ParentRunner$2.evaluate(ParentRunner.java:268)
	at org.junit.runners.ParentRunner.run(ParentRunner.java:363)
	at org.apache.maven.surefire.junit4.JUnit4Provider.execute(JUnit4Provider.java:283)
	at org.apache.maven.surefire.junit4.JUnit4Provider.executeWithRerun(JUnit4Provider.java:173)
	at org.apache.maven.surefire.junit4.JUnit4Provider.executeTestSet(JUnit4Provider.java:153)
	at org.apache.maven.surefire.junit4.JUnit4Provider.invoke(JUnit4Provider.java:128)
	at org.apache.maven.surefire.booter.ForkedBooter.invokeProviderInSameClassLoader(ForkedBooter.java:203)
	at org.apache.maven.surefire.booter.ForkedBooter.runSuitesInProcess(ForkedBooter.java:155)
	at org.apache.maven.surefire.booter.ForkedBooter.main(ForkedBooter.java:103)
]]></error>
  </testcase>
  <testcase name="Then they should see the definition &apos;An edible fruit produced by the pear tree, similar to an apple but elongated towards the stem.&apos;" classname="Scenario: Looking up the definition of &apos;pear&apos;" time="0">
    <skipped/>
    <system-err><![CDATA[[main] WARN net.thucydides.core.model.FailureAnalysis - Could not find error class: 
[main] WARN net.thucydides.core.model.FailureAnalysis - Could not find error class: 
[main] WARN net.thucydides.core.model.FailureAnalysis - Could not find error class: 
[main] WARN net.thucydides.core.model.FailureAnalysis - Could not find error class: 
[main] WARN net.thucydides.core.model.FailureAnalysis - Could not find error class: 
[main] WARN net.thucydides.core.model.FailureAnalysis - Could not find error class: 
[main] WARN net.thucydides.core.model.FailureAnalysis - Could not find error class: 
[main] INFO net.serenitybdd.core.Serenity - STEP FAILED: net.serenitybdd.core.exceptions.SerenityWebDriverException: Timed out after 2 seconds. Element not found
For documentation on this error, please visit: http://seleniumhq.org/exceptions/no_such_element.html
Build info: version: '2.48.2', revision: '41bccdd10cf2c0560f637404c2d96164b67d9d67', time: '2015-10-09 13:08:06'
System info: host: 'Darker', ip: '192.168.0.162', os.name: 'Windows 8.1', os.arch: 'amd64', os.version: '6.3', java.version: '1.7.0_79'
Driver info: driver.version: unknown
]]></system-err>
  </testcase>
  <testcase name="Given the user is on the Wikionary home page" classname="Scenario: Looking up the definition of &apos;beer&apos;" time="0"/>
  <testcase name="When the user looks up the definition of the word &apos;pear&apos;" classname="Scenario: Looking up the definition of &apos;beer&apos;" time="0">
    <error message="Timed out after 2 seconds. Element not found&#10;For documentation on this error, please visit: http://seleniumhq.org/exceptions/no_such_element.html&#10;Build info: version: &apos;2.48.2&apos;, revision: &apos;41bccdd10cf2c0560f637404c2d96164b67d9d67&apos;, time: &apos;2015-10-09 13:08:06&apos;&#10;System info: host: &apos;Darker&apos;, ip: &apos;192.168.0.162&apos;, os.name: &apos;Windows 8.1&apos;, os.arch: &apos;amd64&apos;, os.version: &apos;6.3&apos;, java.version: &apos;1.7.0_79&apos;&#10;Driver info: driver.version: unknown" type="net.serenitybdd.core.exceptions.SerenityWebDriverException"><![CDATA[net.serenitybdd.core.exceptions.SerenityWebDriverException: Timed out after 2 seconds. Element not found
For documentation on this error, please visit: http://seleniumhq.org/exceptions/no_such_element.html
Build info: version: '2.48.2', revision: '41bccdd10cf2c0560f637404c2d96164b67d9d67', time: '2015-10-09 13:08:06'
System info: host: 'Darker', ip: '192.168.0.162', os.name: 'Windows 8.1', os.arch: 'amd64', os.version: '6.3', java.version: '1.7.0_79'
Driver info: driver.version: unknown
	at net.thucydides.core.annotations.locators.SmartAjaxElementLocator.ajaxFindElement(SmartAjaxElementLocator.java:145)
	at net.thucydides.core.annotations.locators.SmartAjaxElementLocator.findElement(SmartAjaxElementLocator.java:93)
	at net.serenitybdd.core.pages.WebElementFacadeImpl.getElement(WebElementFacadeImpl.java:134)
	at net.serenitybdd.core.pages.WebElementFacadeImpl.withTimeoutOf(WebElementFacadeImpl.java:281)
	at net.serenitybdd.core.pages.WebElementFacadeImpl.waitUntilElementAvailable(WebElementFacadeImpl.java:664)
	at net.serenitybdd.core.pages.WebElementFacadeImpl.type(WebElementFacadeImpl.java:559)
	at sun.reflect.NativeMethodAccessorImpl.invoke0(Native Method)
	at sun.reflect.NativeMethodAccessorImpl.invoke(NativeMethodAccessorImpl.java:57)
	at sun.reflect.DelegatingMethodAccessorImpl.invoke(DelegatingMethodAccessorImpl.java:43)
	at java.lang.reflect.Method.invoke(Method.java:606)
	at net.thucydides.core.annotations.locators.AbstractSingleItemHandler.invoke(AbstractSingleItemHandler.java:45)
	at com.sun.proxy.$Proxy24.type(Unknown Source)
	at com.evo.sites.wiki.pages.home.DictionaryPage.enter_keywords(DictionaryPage.java:27)
	at com.evo.sites.wiki.steps.EndUserSteps.enters(EndUserSteps.java:18)
	at com.evo.sites.wiki.steps.EndUserSteps$$EnhancerByCGLIB$$d2589c47.CGLIB$enters$3(<generated>)
	at com.evo.sites.wiki.steps.EndUserSteps$$EnhancerByCGLIB$$d2589c47$$FastClassByCGLIB$$25725cbd.invoke(<generated>)
	at net.sf.cglib.proxy.MethodProxy.invokeSuper(MethodProxy.java:228)
	at net.thucydides.core.steps.StepInterceptor.invokeMethod(StepInterceptor.java:339)
	at net.thucydides.core.steps.StepInterceptor.executeTestStepMethod(StepInterceptor.java:324)
	at net.thucydides.core.steps.StepInterceptor.runTestStep(StepInterceptor.java:299)
	at net.thucydides.core.steps.StepInterceptor.testStepResult(StepInterceptor.java:129)
	at net.thucydides.core.steps.StepInterceptor.intercept(StepInterceptor.java:56)
	at com.evo.sites.wiki.steps.EndUserSteps$$EnhancerByCGLIB$$d2589c47.enters(<generated>)
	at com.evo.sites.wiki.steps.EndUserSteps.looks_for(EndUserSteps.java:38)
	at com.evo.sites.wiki.steps.EndUserSteps$$EnhancerByCGLIB$$d2589c47.CGLIB$looks_for$2(<generated>)
	at com.evo.sites.wiki.steps.EndUserSteps$$EnhancerByCGLIB$$d2589c47$$FastClassByCGLIB$$25725cbd.invoke(<generated>)
	at net.sf.cglib.proxy.MethodProxy.invokeSuper(MethodProxy.java:228)
	at net.thucydides.core.steps.StepInterceptor.invokeMethod(StepInterceptor.java:339)
	at net.thucydides.core.steps.StepInterceptor.executeTestStepMethod(StepInterceptor.java:324)
	at net.thucydides.core.steps.StepInterceptor.runTestStep(StepInterceptor.java:299)
	at net.thucydides.core.steps.StepInterceptor.testStepResult(StepInterceptor.java:129)
	at net.thucydides.core.steps.StepInterceptor.intercept(StepInterceptor.java:56)
	at com.evo.sites.wiki.steps.EndUserSteps$$EnhancerByCGLIB$$d2589c47.looks_for(<generated>)
	at com.evo.sites.wiki.glue.WikiDefinitions.whenTheUserLooksUpTheDefinitionOf(WikiDefinitions.java:23)
	at sun.reflect.NativeMethodAccessorImpl.invoke0(Native Method)
	at sun.reflect.NativeMethodAccessorImpl.invoke(NativeMethodAccessorImpl.java:57)
	at sun.reflect.DelegatingMethodAccessorImpl.invoke(DelegatingMethodAccessorImpl.java:43)
	at java.lang.reflect.Method.invoke(Method.java:606)
	at cucumber.runtime.Utils$1.call(Utils.java:37)
	at cucumber.runtime.Timeout.timeout(Timeout.java:13)
	at cucumber.runtime.Utils.invoke(Utils.java:31)
	at cucumber.runtime.java.JavaStepDefinition.execute(JavaStepDefinition.java:38)
	at cucumber.runtime.StepDefinitionMatch.runStep(StepDefinitionMatch.java:37)
	at cucumber.runtime.Runtime.runStep(Runtime.java:299)
	at cucumber.runtime.model.StepContainer.runStep(StepContainer.java:44)
	at cucumber.runtime.model.StepContainer.runSteps(StepContainer.java:39)
	at cucumber.runtime.model.CucumberScenario.run(CucumberScenario.java:44)
	at cucumber.runtime.junit.ExecutionUnitRunner.run(ExecutionUnitRunner.java:91)
	at cucumber.runtime.junit.FeatureRunner.runChild(FeatureRunner.java:63)
	at cucumber.runtime.junit.FeatureRunner.runChild(FeatureRunner.java:18)
	at org.junit.runners.ParentRunner$3.run(ParentRunner.java:290)
	at org.junit.runners.ParentRunner$1.schedule(ParentRunner.java:71)
	at org.junit.runners.ParentRunner.runChildren(ParentRunner.java:288)
	at org.junit.runners.ParentRunner.access$000(ParentRunner.java:58)
	at org.junit.runners.ParentRunner$2.evaluate(ParentRunner.java:268)
	at org.junit.runners.ParentRunner.run(ParentRunner.java:363)
	at cucumber.runtime.junit.FeatureRunner.run(FeatureRunner.java:70)
	at cucumber.api.junit.Cucumber.runChild(Cucumber.java:93)
	at cucumber.api.junit.Cucumber.runChild(Cucumber.java:37)
	at org.junit.runners.ParentRunner$3.run(ParentRunner.java:290)
	at org.junit.runners.ParentRunner$1.schedule(ParentRunner.java:71)
	at org.junit.runners.ParentRunner.runChildren(ParentRunner.java:288)
	at org.junit.runners.ParentRunner.access$000(ParentRunner.java:58)
	at org.junit.runners.ParentRunner$2.evaluate(ParentRunner.java:268)
	at org.junit.runners.ParentRunner.run(ParentRunner.java:363)
	at cucumber.api.junit.Cucumber.run(Cucumber.java:98)
	at org.junit.runners.Suite.runChild(Suite.java:128)
	at org.junit.runners.Suite.runChild(Suite.java:27)
	at org.junit.runners.ParentRunner$3.run(ParentRunner.java:290)
	at org.junit.runners.ParentRunner$1.schedule(ParentRunner.java:71)
	at org.junit.runners.ParentRunner.runChildren(ParentRunner.java:288)
	at org.junit.runners.ParentRunner.access$000(ParentRunner.java:58)
	at org.junit.runners.ParentRunner$2.evaluate(ParentRunner.java:268)
	at org.junit.runners.ParentRunner.run(ParentRunner.java:363)
	at org.apache.maven.surefire.junit4.JUnit4Provider.execute(JUnit4Provider.java:283)
	at org.apache.maven.surefire.junit4.JUnit4Provider.executeWithRerun(JUnit4Provider.java:173)
	at org.apache.maven.surefire.junit4.JUnit4Provider.executeTestSet(JUnit4Provider.java:153)
	at org.apache.maven.surefire.junit4.JUnit4Provider.invoke(JUnit4Provider.java:128)
	at org.apache.maven.surefire.booter.ForkedBooter.invokeProviderInSameClassLoader(ForkedBooter.java:203)
	at org.apache.maven.surefire.booter.ForkedBooter.runSuitesInProcess(ForkedBooter.java:155)
	at org.apache.maven.surefire.booter.ForkedBooter.main(ForkedBooter.java:103)
]]></error>
    <system-err><![CDATA[[main] INFO net.thucydides.core.steps.StepInterceptor - STARTING STEP: WikiDefinitions.whenTheUserLooksUpTheDefinitionOf - looks_for
[main] INFO net.thucydides.core.steps.StepInterceptor - STARTING STEP: EndUserSteps.looks_for - enters
[main] WARN net.thucydides.core.model.FailureAnalysis - Could not find error class: 
[main] WARN net.thucydides.core.model.FailureAnalysis - Could not find error class: 
[main] WARN net.thucydides.core.model.FailureAnalysis - Could not find error class: 
[main] WARN net.thucydides.core.model.FailureAnalysis - Could not find error class: 
[main] WARN net.thucydides.core.model.FailureAnalysis - Could not find error class: 
[main] WARN net.thucydides.core.model.FailureAnalysis - Could not find error class: 
[main] WARN net.thucydides.core.model.FailureAnalysis - Could not find error class: 
[main] INFO net.serenitybdd.core.Serenity - STEP FAILED: net.serenitybdd.core.exceptions.SerenityWebDriverException: Timed out after 2 seconds. Element not found
For documentation on this error, please visit: http://seleniumhq.org/exceptions/no_such_element.html
Build info: version: '2.48.2', revision: '41bccdd10cf2c0560f637404c2d96164b67d9d67', time: '2015-10-09 13:08:06'
System info: host: 'Darker', ip: '192.168.0.162', os.name: 'Windows 8.1', os.arch: 'amd64', os.version: '6.3', java.version: '1.7.0_79'
Driver info: driver.version: unknown
[main] WARN net.thucydides.core.model.FailureAnalysis - Could not find error class: 
[main] WARN net.thucydides.core.model.FailureAnalysis - Could not find error class: 
[main] WARN net.thucydides.core.model.FailureAnalysis - Could not find error class: 
[main] WARN net.thucydides.core.model.FailureAnalysis - Could not find error class: 
[main] WARN net.thucydides.core.model.FailureAnalysis - Could not find error class: 
[main] WARN net.thucydides.core.model.FailureAnalysis - Could not find error class: 
[main] WARN net.thucydides.core.model.FailureAnalysis - Could not find error class: 
[main] INFO net.serenitybdd.core.Serenity - STEP FAILED: net.serenitybdd.core.exceptions.SerenityWebDriverException: Timed out after 2 seconds. Element not found
For documentation on this error, please visit: http://seleniumhq.org/exceptions/no_such_element.html
Build info: version: '2.48.2', revision: '41bccdd10cf2c0560f637404c2d96164b67d9d67', time: '2015-10-09 13:08:06'
System info: host: 'Darker', ip: '192.168.0.162', os.name: 'Windows 8.1', os.arch: 'amd64', os.version: '6.3', java.version: '1.7.0_79'
Driver info: driver.version: unknown
]]></system-err>
  </testcase>
  <testcase name="Scenario: Looking up the definition of &apos;beer&apos;" classname="Scenario: Looking up the definition of &apos;beer&apos;" time="0.001">
    <error message="Timed out after 2 seconds. Element not found&#10;For documentation on this error, please visit: http://seleniumhq.org/exceptions/no_such_element.html&#10;Build info: version: &apos;2.48.2&apos;, revision: &apos;41bccdd10cf2c0560f637404c2d96164b67d9d67&apos;, time: &apos;2015-10-09 13:08:06&apos;&#10;System info: host: &apos;Darker&apos;, ip: &apos;192.168.0.162&apos;, os.name: &apos;Windows 8.1&apos;, os.arch: &apos;amd64&apos;, os.version: &apos;6.3&apos;, java.version: &apos;1.7.0_79&apos;&#10;Driver info: driver.version: unknown" type="net.serenitybdd.core.exceptions.SerenityWebDriverException"><![CDATA[net.serenitybdd.core.exceptions.SerenityWebDriverException: Timed out after 2 seconds. Element not found
For documentation on this error, please visit: http://seleniumhq.org/exceptions/no_such_element.html
Build info: version: '2.48.2', revision: '41bccdd10cf2c0560f637404c2d96164b67d9d67', time: '2015-10-09 13:08:06'
System info: host: 'Darker', ip: '192.168.0.162', os.name: 'Windows 8.1', os.arch: 'amd64', os.version: '6.3', java.version: '1.7.0_79'
Driver info: driver.version: unknown
	at net.thucydides.core.annotations.locators.SmartAjaxElementLocator.ajaxFindElement(SmartAjaxElementLocator.java:145)
	at net.thucydides.core.annotations.locators.SmartAjaxElementLocator.findElement(SmartAjaxElementLocator.java:93)
	at net.serenitybdd.core.pages.WebElementFacadeImpl.getElement(WebElementFacadeImpl.java:134)
	at net.serenitybdd.core.pages.WebElementFacadeImpl.withTimeoutOf(WebElementFacadeImpl.java:281)
	at net.serenitybdd.core.pages.WebElementFacadeImpl.waitUntilElementAvailable(WebElementFacadeImpl.java:664)
	at net.serenitybdd.core.pages.WebElementFacadeImpl.type(WebElementFacadeImpl.java:559)
	at sun.reflect.NativeMethodAccessorImpl.invoke0(Native Method)
	at sun.reflect.NativeMethodAccessorImpl.invoke(NativeMethodAccessorImpl.java:57)
	at sun.reflect.DelegatingMethodAccessorImpl.invoke(DelegatingMethodAccessorImpl.java:43)
	at java.lang.reflect.Method.invoke(Method.java:606)
	at net.thucydides.core.annotations.locators.AbstractSingleItemHandler.invoke(AbstractSingleItemHandler.java:45)
	at com.sun.proxy.$Proxy24.type(Unknown Source)
	at com.evo.sites.wiki.pages.home.DictionaryPage.enter_keywords(DictionaryPage.java:27)
	at com.evo.sites.wiki.steps.EndUserSteps.enters(EndUserSteps.java:18)
	at com.evo.sites.wiki.steps.EndUserSteps$$EnhancerByCGLIB$$d2589c47.CGLIB$enters$3(<generated>)
	at com.evo.sites.wiki.steps.EndUserSteps$$EnhancerByCGLIB$$d2589c47$$FastClassByCGLIB$$25725cbd.invoke(<generated>)
	at net.sf.cglib.proxy.MethodProxy.invokeSuper(MethodProxy.java:228)
	at net.thucydides.core.steps.StepInterceptor.invokeMethod(StepInterceptor.java:339)
	at net.thucydides.core.steps.StepInterceptor.executeTestStepMethod(StepInterceptor.java:324)
	at net.thucydides.core.steps.StepInterceptor.runTestStep(StepInterceptor.java:299)
	at net.thucydides.core.steps.StepInterceptor.testStepResult(StepInterceptor.java:129)
	at net.thucydides.core.steps.StepInterceptor.intercept(StepInterceptor.java:56)
	at com.evo.sites.wiki.steps.EndUserSteps$$EnhancerByCGLIB$$d2589c47.enters(<generated>)
	at com.evo.sites.wiki.steps.EndUserSteps.looks_for(EndUserSteps.java:38)
	at com.evo.sites.wiki.steps.EndUserSteps$$EnhancerByCGLIB$$d2589c47.CGLIB$looks_for$2(<generated>)
	at com.evo.sites.wiki.steps.EndUserSteps$$EnhancerByCGLIB$$d2589c47$$FastClassByCGLIB$$25725cbd.invoke(<generated>)
	at net.sf.cglib.proxy.MethodProxy.invokeSuper(MethodProxy.java:228)
	at net.thucydides.core.steps.StepInterceptor.invokeMethod(StepInterceptor.java:339)
	at net.thucydides.core.steps.StepInterceptor.executeTestStepMethod(StepInterceptor.java:324)
	at net.thucydides.core.steps.StepInterceptor.runTestStep(StepInterceptor.java:299)
	at net.thucydides.core.steps.StepInterceptor.testStepResult(StepInterceptor.java:129)
	at net.thucydides.core.steps.StepInterceptor.intercept(StepInterceptor.java:56)
	at com.evo.sites.wiki.steps.EndUserSteps$$EnhancerByCGLIB$$d2589c47.looks_for(<generated>)
	at com.evo.sites.wiki.glue.WikiDefinitions.whenTheUserLooksUpTheDefinitionOf(WikiDefinitions.java:23)
	at sun.reflect.NativeMethodAccessorImpl.invoke0(Native Method)
	at sun.reflect.NativeMethodAccessorImpl.invoke(NativeMethodAccessorImpl.java:57)
	at sun.reflect.DelegatingMethodAccessorImpl.invoke(DelegatingMethodAccessorImpl.java:43)
	at java.lang.reflect.Method.invoke(Method.java:606)
	at cucumber.runtime.Utils$1.call(Utils.java:37)
	at cucumber.runtime.Timeout.timeout(Timeout.java:13)
	at cucumber.runtime.Utils.invoke(Utils.java:31)
	at cucumber.runtime.java.JavaStepDefinition.execute(JavaStepDefinition.java:38)
	at cucumber.runtime.StepDefinitionMatch.runStep(StepDefinitionMatch.java:37)
	at cucumber.runtime.Runtime.runStep(Runtime.java:299)
	at cucumber.runtime.model.StepContainer.runStep(StepContainer.java:44)
	at cucumber.runtime.model.StepContainer.runSteps(StepContainer.java:39)
	at cucumber.runtime.model.CucumberScenario.run(CucumberScenario.java:44)
	at cucumber.runtime.junit.ExecutionUnitRunner.run(ExecutionUnitRunner.java:91)
	at cucumber.runtime.junit.FeatureRunner.runChild(FeatureRunner.java:63)
	at cucumber.runtime.junit.FeatureRunner.runChild(FeatureRunner.java:18)
	at org.junit.runners.ParentRunner$3.run(ParentRunner.java:290)
	at org.junit.runners.ParentRunner$1.schedule(ParentRunner.java:71)
	at org.junit.runners.ParentRunner.runChildren(ParentRunner.java:288)
	at org.junit.runners.ParentRunner.access$000(ParentRunner.java:58)
	at org.junit.runners.ParentRunner$2.evaluate(ParentRunner.java:268)
	at org.junit.runners.ParentRunner.run(ParentRunner.java:363)
	at cucumber.runtime.junit.FeatureRunner.run(FeatureRunner.java:70)
	at cucumber.api.junit.Cucumber.runChild(Cucumber.java:93)
	at cucumber.api.junit.Cucumber.runChild(Cucumber.java:37)
	at org.junit.runners.ParentRunner$3.run(ParentRunner.java:290)
	at org.junit.runners.ParentRunner$1.schedule(ParentRunner.java:71)
	at org.junit.runners.ParentRunner.runChildren(ParentRunner.java:288)
	at org.junit.runners.ParentRunner.access$000(ParentRunner.java:58)
	at org.junit.runners.ParentRunner$2.evaluate(ParentRunner.java:268)
	at org.junit.runners.ParentRunner.run(ParentRunner.java:363)
	at cucumber.api.junit.Cucumber.run(Cucumber.java:98)
	at org.junit.runners.Suite.runChild(Suite.java:128)
	at org.junit.runners.Suite.runChild(Suite.java:27)
	at org.junit.runners.ParentRunner$3.run(ParentRunner.java:290)
	at org.junit.runners.ParentRunner$1.schedule(ParentRunner.java:71)
	at org.junit.runners.ParentRunner.runChildren(ParentRunner.java:288)
	at org.junit.runners.ParentRunner.access$000(ParentRunner.java:58)
	at org.junit.runners.ParentRunner$2.evaluate(ParentRunner.java:268)
	at org.junit.runners.ParentRunner.run(ParentRunner.java:363)
	at org.apache.maven.surefire.junit4.JUnit4Provider.execute(JUnit4Provider.java:283)
	at org.apache.maven.surefire.junit4.JUnit4Provider.executeWithRerun(JUnit4Provider.java:173)
	at org.apache.maven.surefire.junit4.JUnit4Provider.executeTestSet(JUnit4Provider.java:153)
	at org.apache.maven.surefire.junit4.JUnit4Provider.invoke(JUnit4Provider.java:128)
	at org.apache.maven.surefire.booter.ForkedBooter.invokeProviderInSameClassLoader(ForkedBooter.java:203)
	at org.apache.maven.surefire.booter.ForkedBooter.runSuitesInProcess(ForkedBooter.java:155)
	at org.apache.maven.surefire.booter.ForkedBooter.main(ForkedBooter.java:103)
]]></error>
  </testcase>
  <testcase name="Then they should see the definition &apos;cucu ruz prjt&apos;" classname="Scenario: Looking up the definition of &apos;beer&apos;" time="0">
    <skipped/>
    <system-err><![CDATA[[main] WARN net.thucydides.core.model.FailureAnalysis - Could not find error class: 
[main] WARN net.thucydides.core.model.FailureAnalysis - Could not find error class: 
[main] WARN net.thucydides.core.model.FailureAnalysis - Could not find error class: 
[main] WARN net.thucydides.core.model.FailureAnalysis - Could not find error class: 
[main] WARN net.thucydides.core.model.FailureAnalysis - Could not find error class: 
[main] WARN net.thucydides.core.model.FailureAnalysis - Could not find error class: 
[main] WARN net.thucydides.core.model.FailureAnalysis - Could not find error class: 
[main] INFO net.serenitybdd.core.Serenity - STEP FAILED: net.serenitybdd.core.exceptions.SerenityWebDriverException: Timed out after 2 seconds. Element not found
For documentation on this error, please visit: http://seleniumhq.org/exceptions/no_such_element.html
Build info: version: '2.48.2', revision: '41bccdd10cf2c0560f637404c2d96164b67d9d67', time: '2015-10-09 13:08:06'
System info: host: 'Darker', ip: '192.168.0.162', os.name: 'Windows 8.1', os.arch: 'amd64', os.version: '6.3', java.version: '1.7.0_79'
Driver info: driver.version: unknown
]]></system-err>
  </testcase>
</testsuite>